<?xml version="1.0" encoding="UTF-8"?>
<!-- Generated by org.testng.reporters.JUnitXMLReporter -->
<testsuite ignored="1" hostname="LAPTOP-869F5CUM" failures="0" tests="4" name="Surefire test" time="9.005" errors="0" timestamp="2024-11-15T16:57:19 IST">
  <testcase classname="com.CRM.Testcases.LoginPageTestCase" name="@BeforeClass pageSetup" time="0.001">
    <failure type="java.lang.NullPointerException" message="Cannot invoke &amp;quot;com.CRM.Pages.HomePage.getStatusOfLink()&amp;quot; because &amp;quot;this.hp&amp;quot; is null">
      <![CDATA[java.lang.NullPointerException: Cannot invoke "com.CRM.Pages.HomePage.getStatusOfLink()" because "this.hp" is null
at com.CRM.Testcases.LoginPageTestCase.pageSetup(LoginPageTestCase.java:14)
at java.base/java.util.ArrayList.forEach(ArrayList.java:1596)
... Removed 28 stack frames]]>
    </failure>
  </testcase> <!-- @BeforeClass pageSetup -->
  <testcase classname="com.CRM.Testcases.HomePageTestCase" name="verifyUrl" time="0.014"/>
  <testcase classname="com.CRM.Testcases.HomePageTestCase" name="verifyTitle" time="0.01"/>
  <testcase classname="com.CRM.Testcases.HomePageTestCase" name="verifyStatusofLink" time="0.548"/>
  <testcase classname="com.CRM.Testcases.LoginPageTestCase" name="validateLogin" time="0.0">
    <skipped/>
  </testcase> <!-- validateLogin -->
  <testcase classname="com.CRM.Testcases.BaseClass" name="@BeforeTest setup" time="0.0">
    <ignored/>
  </testcase> <!-- @BeforeTest setup -->
</testsuite> <!-- Surefire test -->
