<?xml version="1.0" encoding="UTF-8"?>
<!-- Generated by org.testng.reporters.JUnitXMLReporter -->
<testsuite ignored="0" hostname="LAPTOP-869F5CUM" failures="0" tests="3" name="Default test" time="9.195" errors="0" timestamp="2024-11-10T11:49:23 IST">
  <testcase classname="com.CRM.Testcases.HomePageTestCase" name="verifyUrl" time="0.029"/>
  <testcase classname="com.CRM.Testcases.HomePageTestCase" name="verifyTitle" time="0.014"/>
  <testcase classname="com.CRM.Testcases.HomePageTestCase" name="verifyStatusofLink" time="0.454"/>
</testsuite> <!-- Default test -->
