<?xml version="1.0" encoding="UTF-8"?>
<!-- Generated by org.testng.reporters.JUnitXMLReporter -->
<testsuite ignored="0" hostname="LAPTOP-869F5CUM" failures="0" tests="3" name="HomePageTest" time="9.433" errors="0" timestamp="2024-11-10T12:00:25 IST">
  <testcase classname="com.CRM.Testcases.HomePageTestCase" name="verifyUrl" time="0.02"/>
  <testcase classname="com.CRM.Testcases.HomePageTestCase" name="verifyTitle" time="0.012"/>
  <testcase classname="com.CRM.Testcases.HomePageTestCase" name="verifyStatusofLink" time="0.537"/>
</testsuite> <!-- HomePageTest -->
