<?xml version="1.0" encoding="UTF-8"?>
<testng-results ignored="0" total="1" passed="1" failed="0" skipped="0">
  <reporter-output>
  </reporter-output>
  <suite started-at="2024-11-10T18:44:23 IST" name="Default suite" finished-at="2024-11-10T18:44:36 IST" duration-ms="12759">
    <groups>
    </groups>
    <test started-at="2024-11-10T18:44:23 IST" name="Default test" finished-at="2024-11-10T18:44:36 IST" duration-ms="12759">
      <class name="com.CRM.Testcases.LoginPageTestCase">
        <test-method is-config="true" signature="setup()[pri:0, instance:com.CRM.Testcases.LoginPageTestCase@2c1b194a]" started-at="2024-11-10T18:44:23 IST" name="setup" finished-at="2024-11-10T18:44:34 IST" duration-ms="10342" status="PASS">
          <reporter-output>
          </reporter-output>
        </test-method> <!-- setup -->
        <test-method is-config="true" signature="pageSetup()[pri:0, instance:com.CRM.Testcases.LoginPageTestCase@2c1b194a]" started-at="2024-11-10T18:44:34 IST" name="pageSetup" finished-at="2024-11-10T18:44:34 IST" duration-ms="567" status="PASS">
          <reporter-output>
          </reporter-output>
        </test-method> <!-- pageSetup -->
        <test-method signature="validateLogin()[pri:0, instance:com.CRM.Testcases.LoginPageTestCase@2c1b194a]" started-at="2024-11-10T18:44:34 IST" name="validateLogin" finished-at="2024-11-10T18:44:36 IST" duration-ms="1821" status="PASS">
          <reporter-output>
          </reporter-output>
        </test-method> <!-- validateLogin -->
      </class> <!-- com.CRM.Testcases.LoginPageTestCase -->
    </test> <!-- Default test -->
  </suite> <!-- Default suite -->
</testng-results>
