<?xml version="1.0" encoding="UTF-8"?>
<testng-results ignored="0" total="3" passed="3" failed="0" skipped="0">
  <reporter-output>
  </reporter-output>
  <suite started-at="2024-11-10T12:00:15 IST" name="Suite" finished-at="2024-11-10T12:00:25 IST" duration-ms="9433">
    <groups>
    </groups>
    <test started-at="2024-11-10T12:00:15 IST" name="HomePageTest" finished-at="2024-11-10T12:00:25 IST" duration-ms="9433">
      <class name="com.CRM.Testcases.HomePageTestCase">
        <test-method is-config="true" signature="setup()[pri:0, instance:com.CRM.Testcases.HomePageTestCase@2c1b194a]" started-at="2024-11-10T12:00:15 IST" name="setup" finished-at="2024-11-10T12:00:24 IST" duration-ms="8824" status="PASS">
          <reporter-output>
          </reporter-output>
        </test-method> <!-- setup -->
        <test-method signature="verifyUrl()[pri:1, instance:com.CRM.Testcases.HomePageTestCase@2c1b194a]" started-at="2024-11-10T12:00:24 IST" name="verifyUrl" finished-at="2024-11-10T12:00:24 IST" duration-ms="20" status="PASS">
          <reporter-output>
          </reporter-output>
        </test-method> <!-- verifyUrl -->
        <test-method signature="verifyTitle()[pri:2, instance:com.CRM.Testcases.HomePageTestCase@2c1b194a]" started-at="2024-11-10T12:00:24 IST" name="verifyTitle" finished-at="2024-11-10T12:00:24 IST" duration-ms="12" status="PASS">
          <reporter-output>
          </reporter-output>
        </test-method> <!-- verifyTitle -->
        <test-method signature="verifyStatusofLink()[pri:3, instance:com.CRM.Testcases.HomePageTestCase@2c1b194a]" started-at="2024-11-10T12:00:24 IST" name="verifyStatusofLink" finished-at="2024-11-10T12:00:25 IST" duration-ms="537" status="PASS">
          <reporter-output>
          </reporter-output>
        </test-method> <!-- verifyStatusofLink -->
      </class> <!-- com.CRM.Testcases.HomePageTestCase -->
    </test> <!-- HomePageTest -->
  </suite> <!-- Suite -->
</testng-results>
